<?xml version="1.0" encoding="UTF-8"?>
<!-- Generated by org.testng.reporters.JUnitReportReporter -->
<testsuite hostname="brainmachine.lan" name="com.google.refine.tests.ProjectManagerTests" tests="6" failures="0" timestamp="13 Feb 2012 09:19:34 GMT" time="0.106" errors="0">
  <testcase name="canSaveSomeModified" time="0.006" classname="com.google.refine.tests.ProjectManagerTests"/>
  <testcase name="canFlushFromCache" time="0.005" classname="com.google.refine.tests.ProjectManagerTests"/>
  <testcase name="canEnsureProjectSave" time="0.032" classname="com.google.refine.tests.ProjectManagerTests"/>
  <testcase name="canRegisterProject" time="0.002" classname="com.google.refine.tests.ProjectManagerTests"/>
  <testcase name="canSaveAllModified" time="0.024" classname="com.google.refine.tests.ProjectManagerTests"/>
  <testcase name="cannotSaveWhenBusy" time="0.037" classname="com.google.refine.tests.ProjectManagerTests"/>
</testsuite> <!-- com.google.refine.tests.ProjectManagerTests -->
