<?xml version="1.0" encoding="UTF-8"?>
<!-- Generated by org.testng.reporters.JUnitReportReporter -->
<testsuite hostname="brainmachine.lan" name="com.google.refine.tests.history.HistoryTests" tests="1" failures="0" timestamp="13 Feb 2012 09:19:34 GMT" time="0.017" errors="0">
  <testcase name="canAddEntry" time="0.017" classname="com.google.refine.tests.history.HistoryTests"/>
</testsuite> <!-- com.google.refine.tests.history.HistoryTests -->
