<?xml version="1.0" encoding="UTF-8"?>
<!-- Generated by org.testng.reporters.JUnitReportReporter -->
<testsuite hostname="brainmachine.lan" name="com.google.refine.tests.importers.ExcelImporterTests" tests="1" failures="0" timestamp="13 Feb 2012 09:19:34 GMT" time="0.060" errors="0">
  <testcase name="readXls" time="0.060" classname="com.google.refine.tests.importers.ExcelImporterTests"/>
</testsuite> <!-- com.google.refine.tests.importers.ExcelImporterTests -->
