<?xml version="1.0" encoding="UTF-8"?>
<!-- Generated by org.testng.reporters.JUnitReportReporter -->
<testsuite hostname="brainmachine.lan" name="com.google.refine.tests.importers.RdfTripleImporterTests" tests="3" failures="0" timestamp="13 Feb 2012 09:19:35 GMT" time="0.208" errors="0">
  <testcase name="CanParseMultiLineMultiPredicatesTriple" time="0.111" classname="com.google.refine.tests.importers.RdfTripleImporterTests"/>
  <testcase name="CanParseTripleWithValue" time="0.048" classname="com.google.refine.tests.importers.RdfTripleImporterTests"/>
  <testcase name="CanParseMultiLineTriple" time="0.049" classname="com.google.refine.tests.importers.RdfTripleImporterTests"/>
</testsuite> <!-- com.google.refine.tests.importers.RdfTripleImporterTests -->
