<?xml version="1.0" encoding="UTF-8"?>
<!-- Generated by org.testng.reporters.JUnitReportReporter -->
<testsuite hostname="brainmachine.lan" name="com.google.refine.tests.RefineServletTests" tests="9" failures="0" timestamp="13 Feb 2012 09:19:34 GMT" time="0.182" errors="0">
  <testcase name="getCommandNameHandlesBadCommandName" time="0.020" classname="com.google.refine.tests.RefineServletTests"/>
  <testcase name="doGetRegressionTest" time="0.019" classname="com.google.refine.tests.RefineServletTests"/>
  <testcase name="doGetReturnsError404WhenCommandNotFound" time="0.020" classname="com.google.refine.tests.RefineServletTests"/>
  <testcase name="doPutRegressionTest" time="0.016" classname="com.google.refine.tests.RefineServletTests"/>
  <testcase name="doDeleteReturns404WhenCommandNotFound" time="0.023" classname="com.google.refine.tests.RefineServletTests"/>
  <testcase name="doDeleteRegressionTest" time="0.017" classname="com.google.refine.tests.RefineServletTests"/>
  <testcase name="doPostRegressionTest" time="0.033" classname="com.google.refine.tests.RefineServletTests"/>
  <testcase name="doPutReturns404WhenCommandNotFound" time="0.019" classname="com.google.refine.tests.RefineServletTests"/>
  <testcase name="doPostReturns404WhenCommandNotFound" time="0.015" classname="com.google.refine.tests.RefineServletTests"/>
</testsuite> <!-- com.google.refine.tests.RefineServletTests -->
