<?xml version="1.0" encoding="UTF-8"?>
<!-- Generated by org.testng.reporters.JUnitReportReporter -->
<testsuite hostname="brainmachine.lan" name="com.google.refine.tests.model.RowTests" tests="10" failures="0" timestamp="13 Feb 2012 09:19:34 GMT" time="0.033" errors="0">
  <testcase name="duplicateRow" time="0.001" classname="com.google.refine.tests.model.RowTests"/>
  <testcase name="saveRow" time="0.006" classname="com.google.refine.tests.model.RowTests"/>
  <testcase name="notEmptyRow" time="0.002" classname="com.google.refine.tests.model.RowTests"/>
  <testcase name="toStringTest" time="0.005" classname="com.google.refine.tests.model.RowTests"/>
  <testcase name="blankCell" time="0.001" classname="com.google.refine.tests.model.RowTests"/>
  <testcase name="emptyRow" time="0.000" classname="com.google.refine.tests.model.RowTests"/>
  <testcase name="getFlaggedField" time="0.014" classname="com.google.refine.tests.model.RowTests"/>
  <testcase name="getStarredField" time="0.000" classname="com.google.refine.tests.model.RowTests"/>
  <testcase name="nonBlankCell" time="0.000" classname="com.google.refine.tests.model.RowTests"/>
  <testcase name="saveRowWithRecordIndex" time="0.004" classname="com.google.refine.tests.model.RowTests"/>
</testsuite> <!-- com.google.refine.tests.model.RowTests -->
