<?xml version="1.0" encoding="UTF-8"?>
<!-- Generated by org.testng.reporters.JUnitReportReporter -->
<testsuite hostname="brainmachine.lan" name="com.google.refine.tests.importers.XmlImportUtilitiesTests" tests="16" failures="0" timestamp="13 Feb 2012 09:19:34 GMT" time="0.149" errors="0">
  <testcase name="processRecordTestDuplicateColumnsXml" time="0.002" classname="com.google.refine.tests.importers.XmlImportUtilitiesTests"/>
  <testcase name="importXmlWithVaryingStructureTest" time="0.004" classname="com.google.refine.tests.importers.XmlImportUtilitiesTests"/>
  <testcase name="importTreeDataXmlTest" time="0.005" classname="com.google.refine.tests.importers.XmlImportUtilitiesTests"/>
  <testcase name="processRecordTestXml" time="0.002" classname="com.google.refine.tests.importers.XmlImportUtilitiesTests"/>
  <testcase name="detectRecordElementXmlTest" time="0.002" classname="com.google.refine.tests.importers.XmlImportUtilitiesTests"/>
  <testcase name="detectPathFromTagWithNestedElementXml" time="0.064" classname="com.google.refine.tests.importers.XmlImportUtilitiesTests"/>
  <testcase name="detectRecordElementCanHandleWithNestedElementsXml" time="0.002" classname="com.google.refine.tests.importers.XmlImportUtilitiesTests"/>
  <testcase name="detectRecordElementIsNullForUnfoundTagXml" time="0.001" classname="com.google.refine.tests.importers.XmlImportUtilitiesTests"/>
  <testcase name="findRecordTestXml" time="0.013" classname="com.google.refine.tests.importers.XmlImportUtilitiesTests"/>
  <testcase name="processRecordTestNestedElementXml" time="0.003" classname="com.google.refine.tests.importers.XmlImportUtilitiesTests"/>
  <testcase name="detectPathFromTagXmlTest" time="0.001" classname="com.google.refine.tests.importers.XmlImportUtilitiesTests"/>
  <testcase name="addCellTest" time="0.001" classname="com.google.refine.tests.importers.XmlImportUtilitiesTests"/>
  <testcase name="detectRecordElementRegressionXmlTest" time="0.001" classname="com.google.refine.tests.importers.XmlImportUtilitiesTests"/>
  <testcase name="detectRecordElementRegressionJsonTest" time="0.040" classname="com.google.refine.tests.importers.XmlImportUtilitiesTests"/>
  <testcase name="createColumnsFromImportTest" time="0.005" classname="com.google.refine.tests.importers.XmlImportUtilitiesTests"/>
  <testcase name="processSubRecordTestXml" time="0.003" classname="com.google.refine.tests.importers.XmlImportUtilitiesTests"/>
</testsuite> <!-- com.google.refine.tests.importers.XmlImportUtilitiesTests -->
