<?xml version="1.0" encoding="UTF-8"?>
<!-- Generated by org.testng.reporters.JUnitReportReporter -->
<testsuite hostname="brainmachine.lan" name="com.google.refine.tests.exporters.CsvExporterTests" tests="7" failures="0" timestamp="13 Feb 2012 09:19:35 GMT" time="0.039" errors="0">
  <testcase name="exportCsvWithEmptyCells" time="0.002" classname="com.google.refine.tests.exporters.CsvExporterTests"/>
  <testcase name="exportCsvWithComma" time="0.027" classname="com.google.refine.tests.exporters.CsvExporterTests"/>
  <testcase name="exportSimpleCsv" time="0.002" classname="com.google.refine.tests.exporters.CsvExporterTests"/>
  <testcase name="exportDateColumns" time="0.002" classname="com.google.refine.tests.exporters.CsvExporterTests"/>
  <testcase name="exportCsvWithLineBreaks" time="0.002" classname="com.google.refine.tests.exporters.CsvExporterTests"/>
  <testcase name="exportSimpleCsvNoHeader" time="0.003" classname="com.google.refine.tests.exporters.CsvExporterTests"/>
  <testcase name="exportCsvWithQuote" time="0.001" classname="com.google.refine.tests.exporters.CsvExporterTests"/>
</testsuite> <!-- com.google.refine.tests.exporters.CsvExporterTests -->
