<?xml version="1.0" encoding="UTF-8"?>
<!-- Generated by org.testng.reporters.JUnitReportReporter -->
<testsuite hostname="brainmachine.lan" name="com.google.refine.tests.commands.util.CancelProcessesCommandTests" tests="4" failures="0" timestamp="13 Feb 2012 09:19:35 GMT" time="0.146" errors="0">
  <testcase name="doPostFailsThrowsWithNullParameters" time="0.088" classname="com.google.refine.tests.commands.util.CancelProcessesCommandTests"/>
  <testcase name="doPostThrowsIfCommand_getProjectReturnsNull" time="0.018" classname="com.google.refine.tests.commands.util.CancelProcessesCommandTests"/>
  <testcase name="doPostCatchesExceptionFromWriter" time="0.021" classname="com.google.refine.tests.commands.util.CancelProcessesCommandTests"/>
  <testcase name="doPostRegressionTest" time="0.019" classname="com.google.refine.tests.commands.util.CancelProcessesCommandTests"/>
</testsuite> <!-- com.google.refine.tests.commands.util.CancelProcessesCommandTests -->
