<?xml version="1.0" encoding="UTF-8"?>
<!-- Generated by org.testng.reporters.JUnitReportReporter -->
<testsuite hostname="brainmachine.lan" name="com.google.refine.tests.importers.XmlImporterTests" tests="7" failures="0" timestamp="13 Feb 2012 09:19:35 GMT" time="0.045" errors="0">
  <testcase name="canParseSampleWithDuplicateNestedElements" time="0.007" classname="com.google.refine.tests.importers.XmlImporterTests"/>
  <testcase name="canParseDeeplyNestedSample" time="0.005" classname="com.google.refine.tests.importers.XmlImporterTests"/>
  <testcase name="testElementWithNestedTree" time="0.006" classname="com.google.refine.tests.importers.XmlImporterTests"/>
  <testcase name="canParseSample" time="0.006" classname="com.google.refine.tests.importers.XmlImporterTests"/>
  <testcase name="testCanParseLineBreak" time="0.007" classname="com.google.refine.tests.importers.XmlImporterTests"/>
  <testcase name="canParseSampleWithMixedElement" time="0.006" classname="com.google.refine.tests.importers.XmlImporterTests"/>
  <testcase name="testElementsWithVaryingStructure" time="0.008" classname="com.google.refine.tests.importers.XmlImporterTests"/>
</testsuite> <!-- com.google.refine.tests.importers.XmlImporterTests -->
