<?xml version="1.0" encoding="UTF-8"?>
<!-- Generated by org.testng.reporters.JUnitReportReporter -->
<testsuite hostname="brainmachine.lan" name="com.google.refine.tests.commands.CommandTests" tests="14" failures="0" timestamp="13 Feb 2012 09:19:35 GMT" time="0.470" errors="0">
  <testcase name="getEngineConfigReturnsNullWithNullEngineParameter" time="0.013" classname="com.google.refine.tests.commands.CommandTests"/>
  <testcase name="getEngineConfigReturnsNullWithEmptyOrBadParameterValue" time="0.018" classname="com.google.refine.tests.commands.CommandTests"/>
  <testcase name="getJsonParameterWithNullParameters" time="0.012" classname="com.google.refine.tests.commands.CommandTests"/>
  <testcase name="getEngineRegressionTest" time="0.041" classname="com.google.refine.tests.commands.CommandTests"/>
  <testcase name="getEngineConfigThrowsWithNullParameter" time="0.017" classname="com.google.refine.tests.commands.CommandTests"/>
  <testcase name="getEngineConfigRegressionTest" time="0.101" classname="com.google.refine.tests.commands.CommandTests"/>
  <testcase name="getJsonParameterRegressionTest" time="0.013" classname="com.google.refine.tests.commands.CommandTests"/>
  <testcase name="getProjectThrowsWithNullParameter" time="0.015" classname="com.google.refine.tests.commands.CommandTests"/>
  <testcase name="getEngineThrowsOnNullParameter" time="0.010" classname="com.google.refine.tests.commands.CommandTests"/>
  <testcase name="getIntegerParametersWithIncorrectParameterName" time="0.169" classname="com.google.refine.tests.commands.CommandTests"/>
  <testcase name="getJsonParameterWithMalformedJson" time="0.012" classname="com.google.refine.tests.commands.CommandTests"/>
  <testcase name="getProjectThrowsIfResponseHasNoOrBrokenProjectParameter" time="0.019" classname="com.google.refine.tests.commands.CommandTests"/>
  <testcase name="getIntegerParametersRegressionTest" time="0.017" classname="com.google.refine.tests.commands.CommandTests"/>
  <testcase name="getIntegerParameterWithNullParameters" time="0.013" classname="com.google.refine.tests.commands.CommandTests"/>
</testsuite> <!-- com.google.refine.tests.commands.CommandTests -->
