<?xml version="1.0" encoding="UTF-8"?>
<!-- Generated by org.testng.reporters.JUnitReportReporter -->
<testsuite hostname="brainmachine.lan" name="com.google.refine.tests.exporters.TsvExporterTests" tests="6" failures="0" timestamp="13 Feb 2012 09:19:35 GMT" time="0.010" errors="0">
  <testcase name="exportSimpleTsvNoHeader" time="0.002" classname="com.google.refine.tests.exporters.TsvExporterTests"/>
  <testcase name="exportTsvWithEmptyCells" time="0.001" classname="com.google.refine.tests.exporters.TsvExporterTests"/>
  <testcase name="exportTsvWithLineBreaks" time="0.001" classname="com.google.refine.tests.exporters.TsvExporterTests"/>
  <testcase name="exportTsvWithComma" time="0.002" classname="com.google.refine.tests.exporters.TsvExporterTests"/>
  <testcase name="exportSimpleTsv" time="0.003" classname="com.google.refine.tests.exporters.TsvExporterTests"/>
  <testcase name="exportTsvWithQuote" time="0.001" classname="com.google.refine.tests.exporters.TsvExporterTests"/>
</testsuite> <!-- com.google.refine.tests.exporters.TsvExporterTests -->
