<?xml version="1.0" encoding="UTF-8"?>
<!-- Generated by org.testng.reporters.JUnitReportReporter -->
<testsuite hostname="brainmachine.lan" name="com.google.refine.tests.importers.TsvCsvImporterTests" tests="53" failures="0" timestamp="13 Feb 2012 09:19:35 GMT" time="0.347" errors="0">
  <testcase name="readSimpleData_CSV_1Header_1Row_GuessValues" time="0.005" classname="com.google.refine.tests.importers.TsvCsvImporterTests"/>
  <testcase name="readIgnoreFirstLine" time="0.007" classname="com.google.refine.tests.importers.TsvCsvImporterTests"/>
  <testcase name="ignoreQuotes" time="0.006" classname="com.google.refine.tests.importers.TsvCsvImporterTests"/>
  <testcase name="readIgnore3_Header2_Skip1" time="0.007" classname="com.google.refine.tests.importers.TsvCsvImporterTests"/>
  <testcase name="readDoesNotTrimLeadingWhitespace" time="0.007" classname="com.google.refine.tests.importers.TsvCsvImporterTests"/>
  <testcase name="readWithMultiLinedQuotedData" time="0.005" classname="com.google.refine.tests.importers.TsvCsvImporterTests"/>
  <testcase name="readJustColumns" time="0.004" classname="com.google.refine.tests.importers.TsvCsvImporterTests"/>
  <testcase name="readIgnore3_Header2_Skip1" time="0.007" classname="com.google.refine.tests.importers.TsvCsvImporterTests"/>
  <testcase name="readSimpleData_2Header_1Row" time="0.006" classname="com.google.refine.tests.importers.TsvCsvImporterTests"/>
  <testcase name="readIgnoreFirstLine" time="0.006" classname="com.google.refine.tests.importers.TsvCsvImporterTests"/>
  <testcase name="readSimpleData_2Header_1Row" time="0.007" classname="com.google.refine.tests.importers.TsvCsvImporterTests"/>
  <testcase name="readWithMultiLinedQuotedData" time="0.005" classname="com.google.refine.tests.importers.TsvCsvImporterTests"/>
  <testcase name="readCsvWithProperties" time="0.008" classname="com.google.refine.tests.importers.TsvCsvImporterTests"/>
  <testcase name="readQuotedData" time="0.005" classname="com.google.refine.tests.importers.TsvCsvImporterTests"/>
  <testcase name="readSimpleData_2Header_1Row" time="0.006" classname="com.google.refine.tests.importers.TsvCsvImporterTests"/>
  <testcase name="readIgnore3_Header2_Skip2_limit2" time="0.007" classname="com.google.refine.tests.importers.TsvCsvImporterTests"/>
  <testcase name="readQuotedData" time="0.006" classname="com.google.refine.tests.importers.TsvCsvImporterTests"/>
  <testcase name="readSimpleData_CSV_1Header_1Row" time="0.005" classname="com.google.refine.tests.importers.TsvCsvImporterTests"/>
  <testcase name="readSkipFirstDataLine" time="0.005" classname="com.google.refine.tests.importers.TsvCsvImporterTests"/>
  <testcase name="readWithMultiLinedQuotedData" time="0.005" classname="com.google.refine.tests.importers.TsvCsvImporterTests"/>
  <testcase name="ignoreQuotes" time="0.020" classname="com.google.refine.tests.importers.TsvCsvImporterTests"/>
  <testcase name="readDoesNotTrimLeadingWhitespace" time="0.005" classname="com.google.refine.tests.importers.TsvCsvImporterTests"/>
  <testcase name="readSimpleData_RowLongerThanHeader" time="0.005" classname="com.google.refine.tests.importers.TsvCsvImporterTests"/>
  <testcase name="readDoesNotTrimLeadingTrailingWhitespace" time="0.007" classname="com.google.refine.tests.importers.TsvCsvImporterTests"/>
  <testcase name="readIgnore3_Header2_Skip1" time="0.008" classname="com.google.refine.tests.importers.TsvCsvImporterTests"/>
  <testcase name="readSimpleData_0Header_1Row" time="0.008" classname="com.google.refine.tests.importers.TsvCsvImporterTests"/>
  <testcase name="readJustColumns" time="0.005" classname="com.google.refine.tests.importers.TsvCsvImporterTests"/>
  <testcase name="readSimpleData_CSV_1Header_1Row" time="0.007" classname="com.google.refine.tests.importers.TsvCsvImporterTests"/>
  <testcase name="readCanAddNull" time="0.009" classname="com.google.refine.tests.importers.TsvCsvImporterTests"/>
  <testcase name="readSimpleData_CSV_1Header_1Row" time="0.007" classname="com.google.refine.tests.importers.TsvCsvImporterTests"/>
  <testcase name="readSkipFirstDataLine" time="0.006" classname="com.google.refine.tests.importers.TsvCsvImporterTests"/>
  <testcase name="readJustColumns" time="0.005" classname="com.google.refine.tests.importers.TsvCsvImporterTests"/>
  <testcase name="readDoesNotTrimLeadingWhitespace" time="0.007" classname="com.google.refine.tests.importers.TsvCsvImporterTests"/>
  <testcase name="readSimpleData_0Header_1Row" time="0.006" classname="com.google.refine.tests.importers.TsvCsvImporterTests"/>
  <testcase name="readIgnore3_Header2_Skip2_limit2" time="0.009" classname="com.google.refine.tests.importers.TsvCsvImporterTests"/>
  <testcase name="readQuotedData" time="0.006" classname="com.google.refine.tests.importers.TsvCsvImporterTests"/>
  <testcase name="readSimpleData_RowLongerThanHeader" time="0.006" classname="com.google.refine.tests.importers.TsvCsvImporterTests"/>
  <testcase name="readDoesNotTrimLeadingTrailingWhitespace" time="0.006" classname="com.google.refine.tests.importers.TsvCsvImporterTests"/>
  <testcase name="readSimpleData_0Header_1Row" time="0.006" classname="com.google.refine.tests.importers.TsvCsvImporterTests"/>
  <testcase name="readWithMultiLinedQuotedDataAndBlankLines" time="0.009" classname="com.google.refine.tests.importers.TsvCsvImporterTests"/>
  <testcase name="readCsvWithPropertiesIgnoreQuotes" time="0.007" classname="com.google.refine.tests.importers.TsvCsvImporterTests"/>
  <testcase name="readWithMultiLinedQuotedDataAndBlankLines" time="0.006" classname="com.google.refine.tests.importers.TsvCsvImporterTests"/>
  <testcase name="ignoreQuotes" time="0.006" classname="com.google.refine.tests.importers.TsvCsvImporterTests"/>
  <testcase name="readSimpleData_RowLongerThanHeader" time="0.008" classname="com.google.refine.tests.importers.TsvCsvImporterTests"/>
  <testcase name="readSkipFirstDataLine" time="0.005" classname="com.google.refine.tests.importers.TsvCsvImporterTests"/>
  <testcase name="readSimpleData_CSV_1Header_1Row_GuessValues" time="0.006" classname="com.google.refine.tests.importers.TsvCsvImporterTests"/>
  <testcase name="readIgnoreFirstLine" time="0.006" classname="com.google.refine.tests.importers.TsvCsvImporterTests"/>
  <testcase name="readCanAddNull" time="0.007" classname="com.google.refine.tests.importers.TsvCsvImporterTests"/>
  <testcase name="readSimpleData_CSV_1Header_1Row_GuessValues" time="0.006" classname="com.google.refine.tests.importers.TsvCsvImporterTests"/>
  <testcase name="readIgnore3_Header2_Skip2_limit2" time="0.005" classname="com.google.refine.tests.importers.TsvCsvImporterTests"/>
  <testcase name="readDoesNotTrimLeadingTrailingWhitespace" time="0.006" classname="com.google.refine.tests.importers.TsvCsvImporterTests"/>
  <testcase name="readWithMultiLinedQuotedDataAndBlankLines" time="0.006" classname="com.google.refine.tests.importers.TsvCsvImporterTests"/>
  <testcase name="readCanAddNull" time="0.007" classname="com.google.refine.tests.importers.TsvCsvImporterTests"/>
</testsuite> <!-- com.google.refine.tests.importers.TsvCsvImporterTests -->
