<?xml version="1.0" encoding="UTF-8"?>
<!-- Generated by org.testng.reporters.JUnitReportReporter -->
<testsuite hostname="brainmachine.lan" name="com.google.refine.tests.util.ParsingUtilitiesTests" tests="3" failures="0" timestamp="13 Feb 2012 09:19:34 GMT" time="0.000" errors="0">
  <testcase name="evaluateJsonStringToObjectRegressionTest" time="0.000" classname="com.google.refine.tests.util.ParsingUtilitiesTests"/>
  <testcase name="evaluateJsonStringToObjectWithNullParameters" time="0.000" classname="com.google.refine.tests.util.ParsingUtilitiesTests"/>
  <testcase name="evaluateJsonStringToObjectWithMalformedParameters" time="0.000" classname="com.google.refine.tests.util.ParsingUtilitiesTests"/>
</testsuite> <!-- com.google.refine.tests.util.ParsingUtilitiesTests -->
