<?xml version="1.0" encoding="UTF-8"?>
<!-- Generated by org.testng.reporters.JUnitReportReporter -->
<testsuite hostname="brainmachine.lan" name="com.google.refine.tests.grel.GrelTests" tests="5" failures="0" timestamp="13 Feb 2012 09:19:35 GMT" time="0.012" errors="0">
  <testcase name="testMath" time="0.001" classname="com.google.refine.tests.grel.GrelTests"/>
  <testcase name="testEvalError" time="0.009" classname="com.google.refine.tests.grel.GrelTests"/>
  <testcase name="testInvalidSyntax" time="0.001" classname="com.google.refine.tests.grel.GrelTests"/>
  <testcase name="testString" time="0.001" classname="com.google.refine.tests.grel.GrelTests"/>
  <testcase name="testPI" time="0.000" classname="com.google.refine.tests.grel.GrelTests"/>
</testsuite> <!-- com.google.refine.tests.grel.GrelTests -->
