<?xml version="1.0" encoding="UTF-8"?>
<!-- Generated by org.testng.reporters.JUnitReportReporter -->
<testsuite hostname="brainmachine.lan" name="com.google.refine.tests.importers.FixedWidthImporterTests" tests="1" failures="0" timestamp="13 Feb 2012 09:19:35 GMT" time="0.007" errors="0">
  <testcase name="readFixedWidth" time="0.007" classname="com.google.refine.tests.importers.FixedWidthImporterTests"/>
</testsuite> <!-- com.google.refine.tests.importers.FixedWidthImporterTests -->
