<?xml version="1.0" encoding="UTF-8"?>
<!-- Generated by org.testng.reporters.JUnitReportReporter -->
<testsuite hostname="brainmachine.lan" name="com.google.refine.tests.expr.functions.strings.StringCaseTests" tests="2" failures="0" timestamp="13 Feb 2012 09:19:34 GMT" time="0.078" errors="0">
  <testcase name="testToTitlecaseInvalidParams" time="0.000" classname="com.google.refine.tests.expr.functions.strings.StringCaseTests"/>
  <testcase name="testToTitlecase" time="0.078" classname="com.google.refine.tests.expr.functions.strings.StringCaseTests"/>
</testsuite> <!-- com.google.refine.tests.expr.functions.strings.StringCaseTests -->
