<?xml version="1.0" encoding="UTF-8"?>
<!-- Generated by org.testng.reporters.JUnitReportReporter -->
<testsuite hostname="brainmachine.lan" name="com.google.refine.tests.importers.ImporterUtilitiesTests" tests="7" failures="0" timestamp="13 Feb 2012 09:19:35 GMT" time="0.051" errors="0">
  <testcase name="getIntegerOption" time="0.014" classname="com.google.refine.tests.importers.ImporterUtilitiesTests"/>
  <testcase name="getIntegerOptionReturnsDefaultOnError" time="0.002" classname="com.google.refine.tests.importers.ImporterUtilitiesTests"/>
  <testcase name="ensureColumnsInRowExist" time="0.001" classname="com.google.refine.tests.importers.ImporterUtilitiesTests"/>
  <testcase name="appendColumnName" time="0.027" classname="com.google.refine.tests.importers.ImporterUtilitiesTests"/>
  <testcase name="setupColumns" time="0.004" classname="com.google.refine.tests.importers.ImporterUtilitiesTests"/>
  <testcase name="ensureColumnsInRowExistDoesExpand" time="0.002" classname="com.google.refine.tests.importers.ImporterUtilitiesTests"/>
  <testcase name="appendColumnNameFromMultipleRows" time="0.001" classname="com.google.refine.tests.importers.ImporterUtilitiesTests"/>
</testsuite> <!-- com.google.refine.tests.importers.ImporterUtilitiesTests -->
