<?xml version="1.0" encoding="UTF-8"?>
<!-- Generated by org.testng.reporters.JUnitReportReporter -->
<testsuite hostname="brainmachine.lan" name="com.google.refine.tests.model.ReconTests" tests="2" failures="0" timestamp="13 Feb 2012 09:19:35 GMT" time="0.002" errors="0">
  <testcase name="wordDistance" time="0.001" classname="com.google.refine.tests.model.ReconTests"/>
  <testcase name="wordDistanceOnlyStopwords" time="0.001" classname="com.google.refine.tests.model.ReconTests"/>
</testsuite> <!-- com.google.refine.tests.model.ReconTests -->
