<?xml version="1.0" encoding="UTF-8"?>
<!-- Generated by org.testng.reporters.JUnitReportReporter -->
<testsuite hostname="brainmachine.lan" name="com.google.refine.tests.exporters.HtmlExporterTests" tests="2" failures="0" timestamp="13 Feb 2012 09:19:35 GMT" time="0.022" errors="0">
  <testcase name="exportHtmlTableWithEmptyCells" time="0.021" classname="com.google.refine.tests.exporters.HtmlExporterTests"/>
  <testcase name="exportSimpleHtmlTable" time="0.001" classname="com.google.refine.tests.exporters.HtmlExporterTests"/>
</testsuite> <!-- com.google.refine.tests.exporters.HtmlExporterTests -->
