<?xml version="1.0" encoding="UTF-8"?>
<!-- Generated by org.testng.reporters.JUnitReportReporter -->
<testsuite hostname="brainmachine.lan" name="com.google.refine.tests.importers.JsonImporterTests" tests="8" failures="0" timestamp="13 Feb 2012 09:19:34 GMT" time="0.101" errors="0">
  <testcase name="canParseSampleWithDuplicateNestedElements" time="0.006" classname="com.google.refine.tests.importers.JsonImporterTests"/>
  <testcase name="testCanParseLineBreak" time="0.007" classname="com.google.refine.tests.importers.JsonImporterTests"/>
  <testcase name="testElementWithNestedTree" time="0.005" classname="com.google.refine.tests.importers.JsonImporterTests"/>
  <testcase name="testElementsWithVaryingStructure" time="0.003" classname="com.google.refine.tests.importers.JsonImporterTests"/>
  <testcase name="canParseSample" time="0.019" classname="com.google.refine.tests.importers.JsonImporterTests"/>
  <testcase name="testJSONMinimumArray" time="0.020" classname="com.google.refine.tests.importers.JsonImporterTests"/>
  <testcase name="EnsureJSONParserHandlesgetLocalNameCorrectly" time="0.004" classname="com.google.refine.tests.importers.JsonImporterTests"/>
  <testcase name="testElementWithMqlReadOutput" time="0.037" classname="com.google.refine.tests.importers.JsonImporterTests"/>
</testsuite> <!-- com.google.refine.tests.importers.JsonImporterTests -->
