<?xml version="1.0" encoding="UTF-8"?>
<!-- Generated by org.testng.reporters.JUnitReportReporter -->
<testsuite hostname="brainmachine.lan" name="com.google.refine.tests.exporters.XlsExporterTests" tests="1" failures="0" timestamp="13 Feb 2012 09:19:35 GMT" time="0.008" errors="0">
  <testcase name="exportSimpleXls" time="0.008" classname="com.google.refine.tests.exporters.XlsExporterTests"/>
</testsuite> <!-- com.google.refine.tests.exporters.XlsExporterTests -->
