<?xml version="1.0" encoding="UTF-8"?>
<!-- Generated by org.testng.reporters.JUnitReportReporter -->
<testsuite hostname="brainmachine.lan" name="com.google.refine.tests.exporters.TemplatingExporterTests" tests="4" failures="0" timestamp="13 Feb 2012 09:19:35 GMT" time="0.093" errors="0">
  <testcase name="exportEmptyTemplate" time="0.020" classname="com.google.refine.tests.exporters.TemplatingExporterTests"/>
  <testcase name="exportTemplateWithLimit" time="0.001" classname="com.google.refine.tests.exporters.TemplatingExporterTests"/>
  <testcase name="exportSimpleTemplate" time="0.071" classname="com.google.refine.tests.exporters.TemplatingExporterTests"/>
  <testcase name="exportTemplateWithEmptyCells" time="0.001" classname="com.google.refine.tests.exporters.TemplatingExporterTests"/>
</testsuite> <!-- com.google.refine.tests.exporters.TemplatingExporterTests -->
